This is pdfTeX, Version 3.14159265-2.6-1.40.16 (TeX Live 2015) (preloaded format=prv_expose 2015.10.21)  21 OCT 2015 10:34
entering extended mode
 restricted \write18 enabled.
 %&-line parsing enabled.
**&prv_expose _region_.tex
(./_region_.tex
LaTeX2e <2015/01/01>
Babel <3.9l> and hyphenation patterns for 79 languages loaded.
CUSTOMISED FORMAT. Preloaded files:
        .
 article.cls    2014/09/29 v1.4h Standard LaTeX document class
  size10.clo    2014/09/29 v1.4h Standard LaTeX file (size option)
inputenc.sty    2015/03/17 v1.2c Input encoding file
    utf8.def    2014/09/29 v1.1m UTF-8 support for inputenc
   t1enc.dfu    2014/09/29 v1.1m UTF-8 support for inputenc
  ot1enc.dfu    2014/09/29 v1.1m UTF-8 support for inputenc
  omsenc.dfu    2014/09/29 v1.1m UTF-8 support for inputenc
booktabs.sty    2005/04/14 v1.61803 publication quality tables
     url.sty    2013/09/16  ver 3.4  Verb mode for urls, etc.
hyperref.sty    2012/11/06 v6.83m Hypertext links for LaTeX
hobsub-hyperref.sty    2012/05/28 v1.13 Bundle oberdiek, subset hyperref (HO)
hobsub-generic.sty    2012/05/28 v1.13 Bundle oberdiek, subset generic (HO)
  hobsub.sty    2012/05/28 v1.13 Construct package bundles (HO)
infwarerr.sty    2010/04/08 v1.3 Providing info/warning/error messages (HO)
 ltxcmds.sty    2011/11/09 v1.22 LaTeX kernel commands for general use (HO)
ifluatex.sty    2010/03/01 v1.3 Provides the ifluatex switch (HO)
  ifvtex.sty    2010/03/01 v1.5 Detect VTeX and its facilities (HO)
 intcalc.sty    2007/09/27 v1.1 Expandable calculations with integers (HO)
   ifpdf.sty    2011/01/30 v2.3 Provides the ifpdf switch (HO)
etexcmds.sty    2011/02/16 v1.5 Avoid name clashes with e-TeX commands (HO)
kvsetkeys.sty    2012/04/25 v1.16 Key value parser (HO)
kvdefinekeys.sty    2011/04/07 v1.3 Define keys (HO)
pdftexcmds.sty    2011/11/29 v0.20 Utility functions of pdfTeX for LuaTeX (HO)
pdfescape.sty    2011/11/25 v1.13 Implements pdfTeX's escape features (HO)
bigintcalc.sty    2012/04/08 v1.3 Expandable calculations on big integers (HO)
  bitset.sty    2011/01/30 v1.1 Handle bit-vector datatype (HO)
uniquecounter.sty    2011/01/30 v1.2 Provide unlimited unique counter (HO)
letltxmacro.sty    2010/09/02 v1.4 Let assignment for LaTeX macros (HO)
 hopatch.sty    2012/05/28 v1.2 Wrapper for package hooks (HO)
xcolor-patch.sty    2011/01/30 xcolor patch
atveryend.sty    2011/06/30 v1.8 Hooks at the very end of document (HO)
atbegshi.sty    2011/10/05 v1.16 At begin shipout hook (HO)
refcount.sty    2011/10/16 v3.4 Data extraction from label references (HO)
 hycolor.sty    2011/01/30 v1.7 Color options for hyperref/bookmark (HO)
  keyval.sty    2014/10/28 v1.15 key=value parser (DPC)
 ifxetex.sty    2010/09/12 v0.6 Provides ifxetex conditional
 auxhook.sty    2011/03/04 v1.3 Hooks for auxiliary files (HO)
kvoptions.sty    2011/06/30 v3.11 Key value format for package options (HO)
  pd1enc.def    2012/11/06 v6.83m Hyperref: PDFDocEncoding definition (HO)
hyperref.cfg    2002/06/06 v1.2 hyperref configuration of TeXLive
 hpdftex.def    2012/11/06 v6.83m Hyperref driver for pdfTeX
rerunfilecheck.sty    2011/04/15 v1.7 Rerun checks for auxiliary files (HO)
 amsmath.sty    2013/01/14 v2.14 AMS math features
 amstext.sty    2000/06/29 v2.01
  amsgen.sty    1999/11/30 v2.0
  amsbsy.sty    1999/11/29 v1.2d
  amsopn.sty    1999/12/14 v2.01 operator names
textgreek.sty    2011/10/09 v0.7 Greek symbols in text
  lgrenc.def    2013/12/02 v0.11.2 LGR Greek font encoding definitions
  lgrenc.dfu    2014/09/14 1.5 UTF-8 support for Greek
greek-fontenc.def    2014/12/12 v0.12 Common Greek font encoding definitions
geometry.sty    2010/09/12 v5.6 Page Geometry
tocbibind.sty    2010/10/13 v1.5k extra ToC listings
        .
No file _region_.aux.
LaTeX Font Info:    Checking defaults for OML/cmm/m/it on input line 46.
LaTeX Font Info:    ... okay on input line 46.
LaTeX Font Info:    Checking defaults for T1/cmr/m/n on input line 46.
LaTeX Font Info:    ... okay on input line 46.
LaTeX Font Info:    Checking defaults for OT1/cmr/m/n on input line 46.
LaTeX Font Info:    ... okay on input line 46.
LaTeX Font Info:    Checking defaults for OMS/cmsy/m/n on input line 46.
LaTeX Font Info:    ... okay on input line 46.
LaTeX Font Info:    Checking defaults for OMX/cmex/m/n on input line 46.
LaTeX Font Info:    ... okay on input line 46.
LaTeX Font Info:    Checking defaults for U/cmr/m/n on input line 46.
LaTeX Font Info:    ... okay on input line 46.
LaTeX Font Info:    Checking defaults for PD1/pdf/m/n on input line 46.
LaTeX Font Info:    ... okay on input line 46.
LaTeX Font Info:    Checking defaults for LGR/cmr/m/n on input line 46.
LaTeX Font Info:    Try loading font information for LGR+cmr on input line 46.
(/usr/local/texlive/2015/texmf-dist/tex/latex/cbfonts-fd/lgrcmr.fd
File: lgrcmr.fd 2013/09/01 v1.0 Greek European Computer Regular
)
LaTeX Font Info:    ... okay on input line 46.

(/Applications/Aquamacs.app/Contents/Resources/lisp/aquamacs/edit-modes/auctex/
latex/preview.sty
Package: preview 2010/02/14 11.88 (AUCTeX/preview-latex)

(/Applications/Aquamacs.app/Contents/Resources/lisp/aquamacs/edit-modes/auctex/
latex/prtightpage.def
\PreviewBorder=\dimen137
)
(/Applications/Aquamacs.app/Contents/Resources/lisp/aquamacs/edit-modes/auctex/
latex/prauctex.def
No auxiliary output files.


\hbadness=\count116
\hfuzz=\dimen138

(/Applications/Aquamacs.app/Contents/Resources/lisp/aquamacs/edit-modes/auctex/
latex/prauctex.cfg))
(/Applications/Aquamacs.app/Contents/Resources/lisp/aquamacs/edit-modes/auctex/
latex/prfootnotes.def)
\pr@snippet=\count117
\pr@box=\box28
\pr@output=\toks23

Preview: Fontsize 10pt
Preview: PDFoutput 1
)
\AtBeginShipoutBox=\box29
Package hyperref Info: Link coloring OFF on input line 46.
 (/usr/local/texlive/2015/texmf-dist/tex/latex/hyperref/nameref.sty
Package: nameref 2012/10/27 v2.43 Cross-referencing by name of section

(/usr/local/texlive/2015/texmf-dist/tex/generic/oberdiek/gettitlestring.sty
Package: gettitlestring 2010/12/03 v1.4 Cleanup title references (HO)
)
\c@section@level=\count118
)
LaTeX Info: Redefining \ref on input line 46.
LaTeX Info: Redefining \pageref on input line 46.
LaTeX Info: Redefining \nameref on input line 46.

*geometry* driver: auto-detecting
*geometry* detected driver: pdftex
*geometry* verbose mode - [ preamble ] result:
* driver: pdftex
* paper: <default>
* layout: <same size as paper>
* layoutoffset:(h,v)=(0.0pt,0.0pt)
* modes: 
* h-part:(L,W,R)=(93.95122pt, 426.39256pt, 93.95122pt)
* v-part:(T,H,B)=(93.95122pt, 607.06755pt, 93.95122pt)
* \paperwidth=614.295pt
* \paperheight=794.96999pt
* \textwidth=426.39256pt
* \textheight=607.06755pt
* \oddsidemargin=21.68123pt
* \evensidemargin=21.68123pt
* \topmargin=-15.31877pt
* \headheight=12.0pt
* \headsep=25.0pt
* \topskip=10.0pt
* \footskip=30.0pt
* \marginparwidth=65.0pt
* \marginparsep=11.0pt
* \columnsep=10.0pt
* \skip\footins=9.0pt plus 4.0pt minus 2.0pt
* \hoffset=0.0pt
* \voffset=0.0pt
* \mag=1000
* \@twocolumnfalse
* \@twosidefalse
* \@mparswitchfalse
* \@reversemarginfalse
* (1in=72.27pt=25.4mm, 1cm=28.453pt)

 !name(expose.tex) !offset(-3) 
! Preview: Snippet 1 started.
<-><->
      
l.55     \paragraph
                   {Summary}
Not a real error.

Preview: Tightpage -32891 -32891 32891 32891
! Preview: Snippet 1 ended.(449650+127431x3168011).
<-><->
      
l.55     \paragraph{Summary}
                            
Not a real error.

[1{/usr/local/texlive/2015/texmf-var/fonts/map/pdftex/updmap/pdftex.map}

]
! Preview: Snippet 2 started.
<-><->
      
l.59     \paragraph
                   {Contact} \texttt{kai.brusch@gmail.com}
Not a real error.

! Preview: Snippet 2 ended.(449650+0x2606406).
<-><->
      
l.59     \paragraph{Contact}
                             \texttt{kai.brusch@gmail.com}
Not a real error.

[2

]
! Preview: Snippet 3 started.
<-><->
      
l.61     \paragraph
                   {Location} Hochschule für Angewandte Wissenschaften Hamburg

Not a real error.

! Preview: Snippet 3 ended.(455111+0x2850344).
<-><->
      
l.61     \paragraph{Location}
                              Hochschule für Angewandte Wissenschaften Hamburg

Not a real error.

[3

]
! Preview: Snippet 4 started.
<-><->
      
l.62     \paragraph
                   {Department} Dept. Informatik
Not a real error.

! Preview: Snippet 4 ended.(449650+127431x3976285).
<-><->
      
l.62     \paragraph{Department}
                                Dept. Informatik
Not a real error.

[4

]
! Preview: Snippet 5 started.
<-><->
      
l.63     \paragraph
                   {Examiner} Prof. Dr. Michael Köhler-Bußmeier
Not a real error.

! Preview: Snippet 5 ended.(455111+0x3171197).
<-><->
      
l.63     \paragraph{Examiner}
                              Prof. Dr. Michael Köhler-Bußmeier
Not a real error.

[5

]
! Preview: Snippet 6 started.
<-><->
      
l.64     \paragraph
                   {Second examiner} TBA
Not a real error.

! Preview: Snippet 6 ended.(455111+0x5586005).
<-><->
      
l.64     \paragraph{Second examiner}
                                     TBA
Not a real error.

[6

]
! Preview: Snippet 7 started.
<-><->
      
l.68     \tableofcontents
                         
Not a real error.

! Preview: Snippet 7 ended.(647495+0x27944063).
<-><->
      
l.68     \tableofcontents
                         
Not a real error.

[7]
! Preview: Snippet 8 started.
<-><->
      
l.72     \section
                 {Introduction}
Not a real error.

! Preview: Snippet 8 ended.(655359+0x27944063).
<-><->
      
l.72     \section{Introduction}
                               
Not a real error.

[8

]
! Preview: Snippet 9 started.
<-><->
      
l.74     \subsection
                    {Context}
Not a real error.

! Preview: Snippet 9 ended.(539580+0x27944063).
<-><->
      
l.74     \subsection{Context}
                             
Not a real error.

[9

]
! Preview: Snippet 10 started.
<-><->
      
l.78     \subsection
                    {General Linear Models}
Not a real error.

! Preview: Snippet 10 ended.(546132+0x27944063).
<-><->
      
l.78     \subsection{General Linear Models}
                                           
Not a real error.

[10

]
! Preview: Snippet 11 started.
<-><->
      
l.81     \begin{equation}
                           \label{linModel} y\textsubscript{i} = \beta x\tex...

Not a real error.

! Preview: Snippet 11 ended.(950272+0x27944063).
<-><->
      
l.81 ...varepsilon\textsubscript{i} \end{equation}
                                                  
Not a real error.

[11

]

LaTeX Warning: Reference `linModel' on page 2 undefined on input line 83.

! Preview: Snippet 12 started.
<-><->
      
l.85     \begin{equation}
                          \label{sumSquares} \mathbf{S} =  \sum_{i=1}^{n}(y\...

Not a real error.

! Preview: Snippet 12 ended.(1986565+0x27944063).
<-><->
      
l.85 ...\textsubscript{i}\beta)^{2} \end{equation}
                                                  
Not a real error.

[12

]

LaTeX Warning: Reference `sumSquares' on page 2 undefined on input line 87.


LaTeX Warning: Reference `sumSquares' on page 2 undefined on input line 87.

! Preview: Snippet 13 started.
<-><->
      
l.89     \begin{equation}
                           \label{linMatrixModel} y =  \mathbf{X} \beta \end...

Not a real error.

! Preview: Snippet 13 ended.(950272+0x27944063).
<-><->
      
l.89 ...odel} y =  \mathbf{X} \beta \end{equation}
                                                  
Not a real error.

[13

]

LaTeX Warning: Reference `linModel' on page 2 undefined on input line 91.


LaTeX Warning: Reference `linMatrixModel' on page 2 undefined on input line 91.


! Preview: Snippet 14 started.
<-><->
      
l.93     \subsection
                    {Generalized Linear Models}
Not a real error.

! Preview: Snippet 14 ended.(546132+0x27944063).
<-><->
      
l.93     \subsection{Generalized Linear Models}
                                               
Not a real error.

[14

]
! Preview: Snippet 15 started.
<-><->
      
l.96     \begin{equation}
                          \label{glmMatrix} g(\mu\textsubscript{i}) = \mathb...

Not a real error.

! Preview: Snippet 15 ended.(950272+0x27944063).
<-><->
      
l.96 ...ript{i}) = \mathbf{X} \beta \end{equation}
                                                  
Not a real error.

[15

]

LaTeX Warning: Reference `glmMatrix' on page 2 undefined on input line 98.

! Preview: Snippet 16 started.
<-><->
      
l.100     \subsection
                     {Generalized Additive Models}
Not a real error.

! Preview: Snippet 16 ended.(546132+0x27944063).
<-><->
      
l.100     \subsection{Generalized Additive Models}
                                                  
Not a real error.

[16

]
LaTeX Font Info:    Try loading font information for OMS+cmr on input line 103.

 (/usr/local/texlive/2015/texmf-dist/tex/latex/base/omscmr.fd
File: omscmr.fd 2014/09/29 v2.5h Standard LaTeX font definitions
)
LaTeX Font Info:    Font shape `OMS/cmr/m/n' in size <10> not available
(Font)              Font shape `OMS/cmsy/m/n' tried instead on input line 103.


! Package inputenc Error: Unicode char \u8:￼ not set up for use with LaTeX.

See the inputenc package documentation for explanation.
Type  H <return>  for immediate help.
 ...                                              
                                                  
l.107 ￼
         ￼￼￼￼
Your command was ignored.
Type  I <command> <return>  to replace it with another command,
or  <return>  to continue without it.


! Package inputenc Error: Unicode char \u8:￼ not set up for use with LaTeX.

See the inputenc package documentation for explanation.
Type  H <return>  for immediate help.
 ...                                              
                                                  
l.107 ￼￼
            ￼￼￼
Your command was ignored.
Type  I <command> <return>  to replace it with another command,
or  <return>  to continue without it.


! Package inputenc Error: Unicode char \u8:￼ not set up for use with LaTeX.

See the inputenc package documentation for explanation.
Type  H <return>  for immediate help.
 ...                                              
                                                  
l.107 ￼￼￼
               ￼￼
Your command was ignored.
Type  I <command> <return>  to replace it with another command,
or  <return>  to continue without it.


! Package inputenc Error: Unicode char \u8:￼ not set up for use with LaTeX.

See the inputenc package documentation for explanation.
Type  H <return>  for immediate help.
 ...                                              
                                                  
l.107 ￼￼￼￼
                  ￼
Your command was ignored.
Type  I <command> <return>  to replace it with another command,
or  <return>  to continue without it.


! Package inputenc Error: Unicode char \u8:￼ not set up for use with LaTeX.

See the inputenc package documentation for explanation.
Type  H <return>  for immediate help.
 ...                                              
                                                  
l.107 ￼￼￼￼￼
                     
Your command was ignored.
Type  I <command> <return>  to replace it with another command,
or  <return>  to continue without it.

! Preview: Snippet 17 started.
<-><->
      
l.110     \begin{equation}
                           \label{GAM} g(\mu\textsubscript{i}) = \mathbf{X} ...

Not a real error.

! Preview: Snippet 17 ended.(950272+0x27944063).
<-><->
      
l.110 ..., x\textsubscript{4i}) ... \end{equation}
                                                  
Not a real error.

[17

]
! Preview: Snippet 18 started.
<-><->
      
l.112     \begin{equation}
                           \label{GAM2} g(\mu\textsubscript{i}) = \mathbf{X}...

Not a real error.

! Preview: Snippet 18 ended.(950272+0x27944063).
<-><->
      
l.112 ..., x\textsubscript{4i}) ... \end{equation}
                                                  
Not a real error.

[18

]
! Preview: Snippet 19 started.
<-><->
      
l.114     \subsection
                     {Generalized Additive Models for large data sets}
Not a real error.

! Preview: Snippet 19 ended.(546132+152916x27944063).
<-><->
      
l.114 ...ized Additive Models for large data sets}
                                                  
Not a real error.

[19

]

LaTeX Warning: Citation `GAM' on page 3 undefined on input line 115.

! Preview: Snippet 20 started.
<-><->
      
l.117     \subsection
                     {Apache Spark}
Not a real error.

! Preview: Snippet 20 ended.(546132+152916x27944063).
<-><->
      
l.117     \subsection{Apache Spark}
                                   
Not a real error.

[20

]
! Preview: Snippet 21 started.
<-><->
      
l.131     \subsection
                     {General additive models in Apache Spark}
Not a real error.

! Preview: Snippet 21 ended.(546132+152916x27944063).
<-><->
      
l.131 ...{General additive models in Apache Spark}
                                                  
Not a real error.

[21

]
! Preview: Snippet 22 started.
<-><->
      
l.145     \subsection
                     {Leading question}
Not a real error.

! Preview: Snippet 22 ended.(546132+152916x27944063).
<-><->
      
l.145     \subsection{Leading question}
                                       
Not a real error.

[22

]
! Preview: Snippet 23 started.
<-><->
      
l.147     \paragraph
                    {Can the distributed, numerically optimized, in-memory v...

Not a real error.

! Preview: Snippet 23 ended.(1037653+127431x27944063).
<-><->
      
l.147 ...model size, data size and fitting speed?}
                                                  
Not a real error.

[23

]
! Preview: Snippet 24 started.
<-><->
      
l.149     \paragraph
                    {}
Not a real error.

! Preview: Snippet 24 ended.(0+0x0).
<-><->
      
l.149     \paragraph{}
                      
Not a real error.

[24

]
! Preview: Snippet 25 started.
<-><->
      
l.157     \subsection
                     {Specific Approaches in Apache Spark}
Not a real error.

! Preview: Snippet 25 ended.(546132+152916x27944063).
<-><->
      
l.157 ...tion{Specific Approaches in Apache Spark}
                                                  
Not a real error.

[25

]
! Preview: Snippet 26 started.
<-><->
      
l.163     \subsection
                     {Deciding on an approach}
Not a real error.

! Preview: Snippet 26 ended.(546132+152916x27944063).
<-><->
      
l.163     \subsection{Deciding on an approach}
                                              
Not a real error.

[26

]
! Preview: Snippet 27 started.
<-><->
      
l.166     \paragraph
                    {Nested Data Parallel}
Not a real error.

! Preview: Snippet 27 ended.(455111+0x6906816).
<-><->
      
l.166     \paragraph{Nested Data Parallel}
                                          
Not a real error.

[27

]
! Preview: Snippet 28 started.
<-><->
      
l.172     \subsection
                     {What is novel in this approach?}
Not a real error.

! Preview: Snippet 28 ended.(546132+152916x27944063).
<-><->
      
l.172 ...bsection{What is novel in this approach?}
                                                  
Not a real error.

[28

]
! Preview: Snippet 29 started.
<-><->
      
l.175     \subsection
                     {When is the thesis regarded as completed?}
Not a real error.

! Preview: Snippet 29 ended.(546132+152916x27944063).
<-><->
      
l.175 ...hen is the thesis regarded as completed?}
                                                  
Not a real error.

[29

]
! Preview: Snippet 30 started.
<-><->
      
l.180     \subsection
                     {Which tasks have to be completed for this thesis?}
Not a real error.

! Preview: Snippet 30 ended.(546132+152916x27944063).
<-><->
      
l.180 ...ks have to be completed for this thesis?}
                                                  
Not a real error.

[30

]
! Preview: Snippet 31 started.
<-><->
      
l.196     \paragraph
                    {Additional tasks}
Not a real error.

! Preview: Snippet 31 ended.(455111+0x5393215).
<-><->
      
l.196     \paragraph{Additional tasks}
                                      
Not a real error.

[31

]
! Preview: Snippet 32 started.
<-><->
      
l.201 ...cuted - but it is hard to read. \footnote
                                                  [1]{See \texttt{DotP.hs} a...

Not a real error.

! Preview: Snippet 32 ended.(533465+0x294003).
<-><->
      
l.201 ...7b27debda2b64247a254d}{my github repo}. }
                                                  
Not a real error.

[32]
! Preview: Snippet 33 started.
<-><->
      
l.210     \subsection
                     {Which tasks are realistic to be accomplished within th...

Not a real error.

! Preview: Snippet 33 ended.(1463636+0x27944063).
<-><->
      
l.210 ...plished within the scope of this thesis?}
                                                  
Not a real error.

[33

]
! Preview: Snippet 34 started.
<-><->
      
l.214     \subsection
                     {Time plan}
Not a real error.

! Preview: Snippet 34 ended.(546132+152916x27944063).
<-><->
      
l.214     \subsection{Time plan}
                                
Not a real error.

[34

]

LaTeX Warning: Reference `timetable' on page 4 undefined on input line 215.

! Preview: Snippet 35 started.
<-><->
      
l.216     \begin{table}
                       [h]
Not a real error.

! Preview: Snippet 35 ended.(7651599+6803271x27944063).
<-><->
      
l.242     \end{table}
                     
Not a real error.

[35


]
! Preview: Snippet 36 started.
<-><->
      
l.244     \section
                  {Draft - Contents}
Not a real error.

! Preview: Snippet 36 ended.(655359+0x27944063).
<-><->
      
l.244     \section{Draft - Contents}
                                    
Not a real error.

[36

]
No file _region_.bbl.
! Preview: Snippet 37 started.
<-><->
      
l.325     \section
                  {Personal notes}
Not a real error.

! Preview: Snippet 37 ended.(655359+0x27944063).
<-><->
      
l.325     \section{Personal notes}
                                  
Not a real error.

[37

]
Package atveryend Info: Empty hook `BeforeClearDocument' on input line 333.
Package atveryend Info: Empty hook `AfterLastShipout' on input line 333.
Package atveryend Info: Executing hook `AtVeryEndDocument' on input line 333.
Package atveryend Info: Empty hook `AtEndAfterFileList' on input line 333.


LaTeX Warning: There were undefined references.

Package atveryend Info: Empty hook `AtVeryVeryEnd' on input line 333.
 ) 
Here is how much of TeX's memory you used:
 451 strings out of 486612
 8090 string characters out of 6041212
 181716 words of memory out of 5000000
 10297 multiletter control sequences out of 15000+600000
 12293 words of font info for 43 fonts, out of 8000000 for 9000
 1141 hyphenation exceptions out of 8191
 28i,10n,29p,1008b,496s stack positions out of 5000i,500n,10000p,200000b,80000s
pdfTeX warning (dest): name{Hfootnote.1} has been referenced but does not exi
st, replaced by a fixed one

</usr/local/texlive/2015/texmf-dist/fonts/type1/public/amsfonts/cm/cmbx10.pfb><
/usr/local/texlive/2015/texmf-dist/fonts/type1/public/amsfonts/cm/cmbx12.pfb></
usr/local/texlive/2015/texmf-dist/fonts/type1/public/amsfonts/cm/cmex10.pfb></u
sr/local/texlive/2015/texmf-dist/fonts/type1/public/amsfonts/cm/cmmi10.pfb></us
r/local/texlive/2015/texmf-dist/fonts/type1/public/amsfonts/cm/cmmi7.pfb></usr/
local/texlive/2015/texmf-dist/fonts/type1/public/amsfonts/cm/cmr10.pfb></usr/lo
cal/texlive/2015/texmf-dist/fonts/type1/public/amsfonts/cm/cmr7.pfb></usr/local
/texlive/2015/texmf-dist/fonts/type1/public/amsfonts/cm/cmsy10.pfb></usr/local/
texlive/2015/texmf-dist/fonts/type1/public/amsfonts/cm/cmti10.pfb></usr/local/t
exlive/2015/texmf-dist/fonts/type1/public/amsfonts/cm/cmtt10.pfb>
Output written on _region_.pdf (37 pages, 118438 bytes).
PDF statistics:
 217 PDF objects out of 1000 (max. 8388607)
 165 compressed objects within 2 object streams
 37 named destinations out of 1000 (max. 500000)
 1 words of extra memory for PDF output out of 10000 (max. 10000000)

